[31Dec2024 00:02:38.925] [Server thread/INFO] [net.minecraft.server.dedicated.DedicatedServer/]: JTz_7r is bleeding. JTz_7r was slain by Zombie
[31Dec2024 00:02:38.928] [Server thread/WARN] [tombstone/]: The death event of the player JTz_7r was canceled by another mod
[31Dec2024 00:02:38.941] [Server thread/INFO] [tombstone/]: The player JTz_7r has successfully been saved
[31Dec2024 00:03:06.421] [Server thread/INFO] [net.minecraft.server.dedicated.DedicatedServer/]: TheKiller12090 has made the advancement [Monster Hunter]
[31Dec2024 00:03:13.827] [Server thread/INFO] [net.minecraft.server.dedicated.DedicatedServer/]: JTz_7r was decimated by TheKiller12090
[31Dec2024 00:03:13.839] [Server thread/INFO] [net.minecraft.server.dedicated.DedicatedServer/]: JTz_7r has made the advancement [Your First Grave]
[31Dec2024 00:03:13.840] [Server thread/INFO] [tombstone/]: The player JTz_7r has successfully been saved
[31Dec2024 00:03:15.393] [Server thread/INFO] [tac/]: PENDING
[31Dec2024 00:03:41.929] [Server thread/INFO] [net.minecraft.server.dedicated.DedicatedServer/]: TheKiller12090 has made the advancement [Knowledge of Death]
[31Dec2024 00:03:41.930] [Server thread/INFO] [net.minecraft.server.dedicated.DedicatedServer/]: TheKiller12090 has made the advancement [Funeral Theft]
[31Dec2024 00:04:19.577] [Server thread/INFO] [net.minecraft.server.dedicated.DedicatedServer/]: JTz_7r has reached the goal [Here They Come]
[31Dec2024 00:04:34.829] [Server thread/INFO] [net.minecraft.server.dedicated.DedicatedServer/]: JTz_7r has made the advancement [Knowledge of Death]
[31Dec2024 00:04:34.830] [Server thread/INFO] [net.minecraft.server.dedicated.DedicatedServer/]: JTz_7r has made the advancement [A Strange Grave Dust]
[31Dec2024 00:04:54.284] [Server thread/INFO] [net.minecraft.server.dedicated.DedicatedServer/]: JTz_7r has made the advancement [Ashes 'n Bones]
[31Dec2024 00:04:55.873] [Server thread/INFO] [net.minecraft.server.dedicated.DedicatedServer/]: JTz_7r has made the advancement [Liberalos!]
[31Dec2024 00:04:55.873] [Server thread/INFO] [net.minecraft.server.dedicated.DedicatedServer/]: JTz_7r has made the advancement [Dominio Muscular]
[31Dec2024 00:05:31.475] [Server thread/INFO] [net.minecraft.server.dedicated.DedicatedServer/]: TheKiller12090 has made the advancement [A Strange Grave Dust]
[31Dec2024 00:06:04.619] [Server thread/INFO] [net.minecraft.server.dedicated.DedicatedServer/]: JTz_7r is bleeding. JTz_7r was slain by Husk
[31Dec2024 00:06:04.620] [Server thread/WARN] [tombstone/]: The death event of the player JTz_7r was canceled by another mod
[31Dec2024 00:06:04.623] [Server thread/INFO] [tombstone/]: The player JTz_7r has successfully been saved
[31Dec2024 00:06:48.718] [Server thread/INFO] [net.minecraft.server.dedicated.DedicatedServer/]: JTz_7r is bleeding. JTz_7r was slain by Zombie
[31Dec2024 00:06:48.718] [Server thread/WARN] [tombstone/]: The death event of the player JTz_7r was canceled by another mod
[31Dec2024 00:06:48.723] [Server thread/INFO] [tombstone/]: The player JTz_7r has successfully been saved
[31Dec2024 00:07:01.822] [Server thread/INFO] [net.minecraft.server.dedicated.DedicatedServer/]: TheKiller12090 has made the advancement [Ashes 'n Bones]
[31Dec2024 00:16:44.318] [Server thread/INFO] [net.minecraft.server.dedicated.DedicatedServer/]: JTz_7r is bleeding. JTz_7r was slain by Zombie
[31Dec2024 00:16:44.319] [Server thread/WARN] [tombstone/]: The death event of the player JTz_7r was canceled by another mod
[31Dec2024 00:16:44.332] [Server thread/INFO] [tombstone/]: The player JTz_7r has successfully been saved
[31Dec2024 00:17:00.977] [Server thread/INFO] [net.minecraft.server.dedicated.DedicatedServer/]: JTz_7r was slain by Zombie
[31Dec2024 00:17:02.543] [Server thread/INFO] [tac/]: PENDING
[31Dec2024 00:18:05.126] [Server thread/INFO] [net.minecraft.server.network.ServerGamePacketListenerImpl/]: TheKiller12090 lost connection: Disconnected
[31Dec2024 00:18:05.127] [Server thread/INFO] [net.minecraft.server.dedicated.DedicatedServer/]: TheKiller12090 left the game
[31Dec2024 00:18:05.128] [Server thread/INFO] [xaero.pac.OpenPartiesAndClaims/]: Updating all forceload tickets for e6105986-fb32-3156-a1a0-6632954eee93
[31Dec2024 00:18:05.131] [Server thread/INFO] [voicechat/]: [voicechat] Disconnecting client TheKiller12090
[31Dec2024 00:18:51.624] [Server thread/INFO] [net.minecraft.server.dedicated.DedicatedServer/]: JTz_7r has made the advancement [Sweet Dreams]
[31Dec2024 00:18:56.678] [Server thread/INFO] [sereneseasons/]: Season time skipped by 8574 in minecraft:the_end
[31Dec2024 00:18:56.678] [Server thread/INFO] [sereneseasons/]: Season time skipped by 8574 in minecraft:the_nether
[31Dec2024 00:18:56.679] [Server thread/INFO] [sereneseasons/]: Season time skipped by 8574 in lostcities:lostcity
[31Dec2024 00:18:56.711] [Server thread/INFO] [sereneseasons/]: Season time skipped by 8574 in minecraft:overworld
[31Dec2024 00:19:28.441] [Server thread/INFO] [net.minecraftforge.common.AdvancementLoadFix/]: Using new advancement loading for net.minecraft.server.PlayerAdvancements@f288589
[31Dec2024 00:19:28.450] [Server thread/INFO] [net.minecraft.server.players.PlayerList/]: TheKiller12090[/127.244.124.174:47489] logged in with entity id 379575 at (42.30000001192093, 60.0, 0.699999988079071)
[31Dec2024 00:19:28.474] [Server thread/INFO] [net.minecraft.server.dedicated.DedicatedServer/]: TheKiller12090 joined the game
[31Dec2024 00:19:28.475] [Server thread/INFO] [tac/]: PENDING
[31Dec2024 00:19:28.541] [Server thread/INFO] [xaero.pac.OpenPartiesAndClaims/]: Updating all forceload tickets for e6105986-fb32-3156-a1a0-6632954eee93
[31Dec2024 00:19:28.549] [Server thread/INFO] [Waila/]: Syncing config to TheKiller12090 (e6105986-fb32-3156-a1a0-6632954eee93)
[31Dec2024 00:19:29.350] [Server thread/INFO] [voicechat/]: [voicechat] Received secret request of TheKiller12090 (18)
[31Dec2024 00:19:29.350] [Server thread/INFO] [voicechat/]: [voicechat] Sent secret to TheKiller12090
[31Dec2024 00:30:20.457] [Worker-Main-6/WARN] [net.minecraft.world.entity.EntityType/]: Skipping Entity with id 
[31Dec2024 00:35:54.664] [Server thread/WARN] [net.minecraft.server.MinecraftServer/]: Can't keep up! Is the server overloaded? Running 2002ms or 40 ticks behind
[31Dec2024 00:38:49.506] [Server thread/INFO] [net.minecraft.server.network.ServerGamePacketListenerImpl/]: TheKiller12090 lost connection: Disconnected
[31Dec2024 00:38:49.507] [Server thread/INFO] [net.minecraft.server.dedicated.DedicatedServer/]: TheKiller12090 left the game
[31Dec2024 00:38:49.507] [Server thread/INFO] [xaero.pac.OpenPartiesAndClaims/]: Updating all forceload tickets for e6105986-fb32-3156-a1a0-6632954eee93
[31Dec2024 00:38:49.508] [Server thread/INFO] [voicechat/]: [voicechat] Disconnecting client TheKiller12090
[31Dec2024 00:39:50.751] [Server thread/INFO] [net.minecraftforge.common.AdvancementLoadFix/]: Using new advancement loading for net.minecraft.server.PlayerAdvancements@7393f2c4
[31Dec2024 00:39:50.758] [Server thread/INFO] [net.minecraft.server.players.PlayerList/]: TheKiller12090[/127.244.124.174:42913] logged in with entity id 495404 at (72.7865244036717, 123.0, -237.41569402691854)
[31Dec2024 00:39:50.780] [Server thread/INFO] [net.minecraft.server.dedicated.DedicatedServer/]: TheKiller12090 joined the game
[31Dec2024 00:39:50.780] [Server thread/INFO] [tac/]: PENDING
[31Dec2024 00:39:50.840] [Server thread/INFO] [xaero.pac.OpenPartiesAndClaims/]: Updating all forceload tickets for e6105986-fb32-3156-a1a0-6632954eee93
[31Dec2024 00:39:50.842] [Server thread/INFO] [net.minecraft.server.dedicated.DedicatedServer/]: TheKiller12090 has made the advancement [Mysterious Gift]
[31Dec2024 00:39:50.845] [Server thread/INFO] [Waila/]: Syncing config to TheKiller12090 (e6105986-fb32-3156-a1a0-6632954eee93)
[31Dec2024 00:39:51.256] [Server thread/INFO] [voicechat/]: [voicechat] Received secret request of TheKiller12090 (18)
[31Dec2024 00:39:51.256] [Server thread/INFO] [voicechat/]: [voicechat] Sent secret to TheKiller12090
[31Dec2024 00:41:02.168] [Server thread/WARN] [net.minecraft.server.MinecraftServer/]: Can't keep up! Is the server overloaded? Running 2006ms or 40 ticks behind
[31Dec2024 00:41:21.471] [Server thread/WARN] [net.minecraft.server.MinecraftServer/]: Can't keep up! Is the server overloaded? Running 4309ms or 86 ticks behind
[31Dec2024 00:41:40.766] [Server thread/WARN] [net.minecraft.server.MinecraftServer/]: Can't keep up! Is the server overloaded? Running 4304ms or 86 ticks behind
[31Dec2024 00:41:59.158] [Server thread/WARN] [net.minecraft.server.MinecraftServer/]: Can't keep up! Is the server overloaded? Running 3396ms or 67 ticks behind
[31Dec2024 00:42:17.701] [Server thread/WARN] [net.minecraft.server.MinecraftServer/]: Can't keep up! Is the server overloaded? Running 3589ms or 71 ticks behind
[31Dec2024 00:42:36.658] [Server thread/WARN] [net.minecraft.server.MinecraftServer/]: Can't keep up! Is the server overloaded? Running 3996ms or 79 ticks behind
[31Dec2024 00:42:47.703] [Server thread/INFO] [net.minecraft.server.dedicated.DedicatedServer/]: The difficulty has been set to Peaceful
[31Dec2024 00:42:52.775] [Server thread/INFO] [net.minecraft.server.dedicated.DedicatedServer/]: The difficulty has been set to Normal
[31Dec2024 00:47:12.394] [Server thread/INFO] [net.minecraft.server.dedicated.DedicatedServer/]: TheKiller12090 is bleeding. TheKiller12090 was slain by JTz_7r
[31Dec2024 00:47:12.394] [Server thread/WARN] [tombstone/]: The death event of the player TheKiller12090 was canceled by another mod
[31Dec2024 00:47:12.395] [Server thread/INFO] [tombstone/]: The player TheKiller12090 has successfully been saved
[31Dec2024 00:47:22.844] [Server thread/INFO] [net.minecraft.server.dedicated.DedicatedServer/]: TheKiller12090 has reached the goal [Strong or Careful]
[31Dec2024 00:47:22.844] [Server thread/INFO] [net.minecraft.server.dedicated.DedicatedServer/]: TheKiller12090 was slain by JTz_7r
[31Dec2024 00:47:22.846] [Server thread/INFO] [net.minecraft.server.dedicated.DedicatedServer/]: TheKiller12090 has made the advancement [Your First Grave]
[31Dec2024 00:47:22.847] [Server thread/INFO] [tombstone/]: The player TheKiller12090 has successfully been saved
[31Dec2024 00:47:24.224] [Server thread/INFO] [tac/]: PENDING
[31Dec2024 00:47:32.776] [Server thread/INFO] [net.minecraft.server.dedicated.DedicatedServer/]: TheKiller12090 has reached the goal [Here They Come]
[31Dec2024 00:47:53.571] [Server thread/INFO] [net.minecraft.server.dedicated.DedicatedServer/]: JTz_7r is bleeding. JTz_7r was slain by Husk
[31Dec2024 00:47:53.572] [Server thread/WARN] [tombstone/]: The death event of the player JTz_7r was canceled by another mod
[31Dec2024 00:47:53.575] [Server thread/INFO] [tombstone/]: The player JTz_7r has successfully been saved
[31Dec2024 00:48:06.023] [Server thread/INFO] [net.minecraft.server.dedicated.DedicatedServer/]: JTz_7r was slain by TheKiller12090
[31Dec2024 00:48:06.026] [Server thread/INFO] [tombstone/]: The player JTz_7r has successfully been saved
[31Dec2024 00:48:07.439] [Server thread/INFO] [tac/]: PENDING
[31Dec2024 00:49:18.920] [Server thread/INFO] [net.minecraft.server.dedicated.DedicatedServer/]: JTz_7r has made the advancement [Ready to enchant.]
[31Dec2024 00:49:18.921] [Server thread/INFO] [net.minecraft.server.dedicated.DedicatedServer/]: JTz_7r has made the advancement [They're out there...]
[31Dec2024 00:50:41.677] [Server thread/INFO] [net.minecraft.server.dedicated.DedicatedServer/]: TheKiller12090 has made the advancement [Sweet Dreams]
[31Dec2024 00:51:10.479] [Server thread/INFO] [net.minecraft.server.dedicated.DedicatedServer/]: JTz_7r is bleeding. JTz_7r was slain by Husk
[31Dec2024 00:51:10.480] [Server thread/WARN] [tombstone/]: The death event of the player JTz_7r was canceled by another mod
[31Dec2024 00:51:10.483] [Server thread/INFO] [tombstone/]: The player JTz_7r has successfully been saved
[31Dec2024 00:51:16.771] [Server thread/INFO] [net.minecraft.server.dedicated.DedicatedServer/]: JTz_7r was slain by Husk
[31Dec2024 00:51:16.773] [Server thread/WARN] [tombstone/]: The drop event of the player JTz_7r was canceled by another mod
[31Dec2024 00:51:17.834] [Server thread/INFO] [sereneseasons/]: Season time skipped by 9647 in minecraft:the_end
[31Dec2024 00:51:17.835] [Server thread/INFO] [sereneseasons/]: Season time skipped by 9647 in minecraft:the_nether
[31Dec2024 00:51:17.835] [Server thread/INFO] [sereneseasons/]: Season time skipped by 9647 in lostcities:lostcity
[31Dec2024 00:51:17.861] [Server thread/INFO] [sereneseasons/]: Season time skipped by 9647 in minecraft:overworld
[31Dec2024 00:51:18.094] [Server thread/INFO] [tac/]: PENDING
[31Dec2024 00:51:26.321] [Server thread/INFO] [net.minecraft.server.dedicated.DedicatedServer/]: JTz_7r is bleeding. JTz_7r was slain by entity.hordes.ZombiePlayer.chat
[31Dec2024 00:51:26.322] [Server thread/WARN] [tombstone/]: The death event of the player JTz_7r was canceled by another mod
[31Dec2024 00:51:26.324] [Server thread/INFO] [tombstone/]: The player JTz_7r has successfully been saved
[31Dec2024 00:51:36.671] [Server thread/INFO] [net.minecraft.server.dedicated.DedicatedServer/]: JTz_7r has reached the goal [Chain Death]
[31Dec2024 00:51:36.672] [Server thread/INFO] [net.minecraft.server.dedicated.DedicatedServer/]: JTz_7r died because of entity.hordes.ZombiePlayer.chat
[31Dec2024 00:51:36.673] [Server thread/INFO] [tombstone/]: The player JTz_7r has successfully been saved
[31Dec2024 00:51:38.278] [Server thread/INFO] [tac/]: PENDING
[31Dec2024 00:51:43.725] [Server thread/INFO] [net.minecraft.server.dedicated.DedicatedServer/]: JTz_7r is bleeding. JTz_7r was slain by Husk
[31Dec2024 00:51:43.726] [Server thread/WARN] [tombstone/]: The death event of the player JTz_7r was canceled by another mod
[31Dec2024 00:51:43.729] [Server thread/INFO] [tombstone/]: The player JTz_7r has successfully been saved
[31Dec2024 00:51:56.170] [Server thread/INFO] [net.minecraft.server.dedicated.DedicatedServer/]: JTz_7r died because of entity.hordes.ZombiePlayer.chat
[31Dec2024 00:51:56.172] [Server thread/INFO] [tombstone/]: The player JTz_7r has successfully been saved
[31Dec2024 00:51:57.625] [Server thread/INFO] [tac/]: PENDING
[31Dec2024 00:53:19.020] [Server thread/INFO] [net.minecraft.world.entity.LivingEntity/]: Named entity ZombiePlayer['JTz_7r'/538318, l='ServerLevel[world]', x=102.52, y=81.00, z=-287.70] died: entity.hordes.ZombiePlayer.chat was slain by TheKiller12090
[31Dec2024 00:56:40.723] [Server thread/WARN] [net.minecraft.server.network.ServerGamePacketListenerImpl/]: Ignoring UseItemOnPacket from JTz_7r: Location (128.53792583942413, 77.17347738146782, -280.3125) too far away from hit block BlockPos{x=127, y=77, z=-281}.
[31Dec2024 01:00:49.172] [Server thread/INFO] [net.minecraft.server.dedicated.DedicatedServer/]: JTz_7r has made the advancement [Disme A Dozen]
[31Dec2024 01:00:54.174] [Server thread/INFO] [net.minecraft.server.dedicated.DedicatedServer/]: JTz_7r has made the advancement [Crops of the Wild]
[31Dec2024 01:01:42.021] [Server thread/INFO] [net.minecraft.server.dedicated.DedicatedServer/]: JTz_7r is bleeding. JTz_7r was slain by Zombie
[31Dec2024 01:01:42.021] [Server thread/WARN] [tombstone/]: The death event of the player JTz_7r was canceled by another mod
[31Dec2024 01:01:42.026] [Server thread/INFO] [tombstone/]: The player JTz_7r has successfully been saved
[31Dec2024 01:02:29.619] [Server thread/INFO] [net.minecraft.server.dedicated.DedicatedServer/]: JTz_7r is bleeding. JTz_7r was slain by Zombie
[31Dec2024 01:02:29.620] [Server thread/WARN] [tombstone/]: The death event of the player JTz_7r was canceled by another mod
[31Dec2024 01:02:29.625] [Server thread/INFO] [tombstone/]: The player JTz_7r has successfully been saved
[31Dec2024 01:09:40.342] [Server thread/INFO] [net.minecraft.server.dedicated.DedicatedServer/]: TheKiller12090 has reached the goal [Bone Crusher]
[31Dec2024 01:14:05.821] [Server thread/WARN] [net.minecraft.server.MinecraftServer/]: Can't keep up! Is the server overloaded? Running 2010ms or 40 ticks behind
[31Dec2024 01:14:23.189] [Server thread/WARN] [net.minecraft.server.MinecraftServer/]: Can't keep up! Is the server overloaded? Running 2377ms or 47 ticks behind
[31Dec2024 01:14:41.138] [Server thread/WARN] [net.minecraft.server.MinecraftServer/]: Can't keep up! Is the server overloaded? Running 2976ms or 59 ticks behind
[31Dec2024 01:15:01.028] [Server thread/WARN] [net.minecraft.server.MinecraftServer/]: Can't keep up! Is the server overloaded? Running 4916ms or 98 ticks behind
[31Dec2024 01:15:22.020] [Server thread/WARN] [net.minecraft.server.MinecraftServer/]: Can't keep up! Is the server overloaded? Running 6009ms or 120 ticks behind
[31Dec2024 01:15:44.436] [Server thread/WARN] [net.minecraft.server.MinecraftServer/]: Can't keep up! Is the server overloaded? Running 7425ms or 148 ticks behind
[31Dec2024 01:16:08.479] [Server thread/WARN] [net.minecraft.server.MinecraftServer/]: Can't keep up! Is the server overloaded? Running 9068ms or 181 ticks behind
[31Dec2024 01:16:33.134] [Server thread/WARN] [net.minecraft.server.MinecraftServer/]: Can't keep up! Is the server overloaded? Running 9672ms or 193 ticks behind
[31Dec2024 01:16:56.420] [Server thread/WARN] [net.minecraft.server.MinecraftServer/]: Can't keep up! Is the server overloaded? Running 8308ms or 166 ticks behind
[31Dec2024 01:17:17.817] [Server thread/WARN] [net.minecraft.server.MinecraftServer/]: Can't keep up! Is the server overloaded? Running 6406ms or 128 ticks behind
[31Dec2024 01:17:39.672] [Server thread/WARN] [net.minecraft.server.MinecraftServer/]: Can't keep up! Is the server overloaded? Running 6860ms or 137 ticks behind
[31Dec2024 01:18:03.229] [Server thread/WARN] [net.minecraft.server.MinecraftServer/]: Can't keep up! Is the server overloaded? Running 8567ms or 171 ticks behind
[31Dec2024 01:18:27.395] [Server thread/WARN] [net.minecraft.server.MinecraftServer/]: Can't keep up! Is the server overloaded? Running 9183ms or 183 ticks behind
[31Dec2024 01:18:52.398] [Server thread/WARN] [net.minecraft.server.MinecraftServer/]: Can't keep up! Is the server overloaded? Running 10037ms or 200 ticks behind
[31Dec2024 01:19:18.298] [Server thread/WARN] [net.minecraft.server.MinecraftServer/]: Can't keep up! Is the server overloaded? Running 10936ms or 218 ticks behind
[31Dec2024 01:19:45.012] [Server thread/WARN] [net.minecraft.server.MinecraftServer/]: Can't keep up! Is the server overloaded? Running 11750ms or 235 ticks behind
[31Dec2024 01:20:13.175] [Server thread/WARN] [net.minecraft.server.MinecraftServer/]: Can't keep up! Is the server overloaded? Running 13164ms or 263 ticks behind
[31Dec2024 01:20:43.182] [Server thread/WARN] [net.minecraft.server.MinecraftServer/]: Can't keep up! Is the server overloaded? Running 15021ms or 300 ticks behind
[31Dec2024 01:21:14.492] [Server thread/WARN] [net.minecraft.server.MinecraftServer/]: Can't keep up! Is the server overloaded? Running 16330ms or 326 ticks behind
[31Dec2024 01:21:47.311] [Server thread/WARN] [net.minecraft.server.MinecraftServer/]: Can't keep up! Is the server overloaded? Running 17849ms or 356 ticks behind
[31Dec2024 01:22:21.423] [Server thread/WARN] [net.minecraft.server.MinecraftServer/]: Can't keep up! Is the server overloaded? Running 19161ms or 383 ticks behind
[31Dec2024 01:22:50.807] [Server thread/INFO] [net.minecraft.server.dedicated.DedicatedServer/]: The difficulty has been set to Peaceful
[31Dec2024 01:22:51.303] [Server thread/WARN] [net.minecraft.server.MinecraftServer/]: Can't keep up! Is the server overloaded? Running 14891ms or 297 ticks behind
[31Dec2024 01:22:56.220] [Server thread/INFO] [net.minecraft.server.dedicated.DedicatedServer/]: TheKiller12090 has made the advancement [Liberalos!]
[31Dec2024 01:22:56.220] [Server thread/INFO] [net.minecraft.server.dedicated.DedicatedServer/]: TheKiller12090 has made the advancement [Cerebros...]
[31Dec2024 01:22:58.371] [Server thread/INFO] [net.minecraft.server.dedicated.DedicatedServer/]: The difficulty has been set to Normal
[31Dec2024 01:25:06.931] [Server thread/INFO] [net.minecraft.server.dedicated.DedicatedServer/]: JTz_7r is bleeding. JTz_7r died
[31Dec2024 01:25:06.931] [Server thread/WARN] [tombstone/]: The death event of the player JTz_7r was canceled by another mod
[31Dec2024 01:25:06.932] [Server thread/INFO] [tombstone/]: The player JTz_7r has successfully been saved
[31Dec2024 01:26:26.374] [Server thread/INFO] [net.minecraft.server.network.ServerGamePacketListenerImpl/]: TheKiller12090 lost connection: Disconnected
[31Dec2024 01:26:26.375] [Server thread/INFO] [net.minecraft.server.dedicated.DedicatedServer/]: TheKiller12090 left the game
[31Dec2024 01:26:26.375] [Server thread/INFO] [xaero.pac.OpenPartiesAndClaims/]: Updating all forceload tickets for e6105986-fb32-3156-a1a0-6632954eee93
[31Dec2024 01:26:26.376] [Server thread/INFO] [voicechat/]: [voicechat] Disconnecting client TheKiller12090
[31Dec2024 01:27:25.969] [Server thread/INFO] [net.minecraft.server.network.ServerGamePacketListenerImpl/]: JTz_7r lost connection: Disconnected
[31Dec2024 01:27:25.970] [Server thread/INFO] [net.minecraft.server.dedicated.DedicatedServer/]: JTz_7r left the game
[31Dec2024 01:27:25.970] [Server thread/INFO] [xaero.pac.OpenPartiesAndClaims/]: Updating all forceload tickets for 300ddec5-ffd7-3d3c-844d-314867d08d8d
[31Dec2024 01:27:25.970] [Server thread/INFO] [voicechat/]: [voicechat] Disconnecting client JTz_7r
[31Dec2024 01:27:41.162] [Server thread/INFO] [net.minecraft.server.dedicated.DedicatedServer/]: Stopping the server
[31Dec2024 01:27:41.222] [Server thread/INFO] [net.minecraft.server.MinecraftServer/]: Stopping server
[31Dec2024 01:27:41.223] [Server thread/INFO] [net.minecraft.server.MinecraftServer/]: Saving players
[31Dec2024 01:27:41.223] [Server thread/INFO] [net.minecraft.server.MinecraftServer/]: Saving worlds
[31Dec2024 01:27:42.396] [Server thread/INFO] [net.minecraft.server.MinecraftServer/]: Saving chunks for level 'ServerLevel[world]'/minecraft:overworld
[31Dec2024 01:27:43.278] [Server thread/INFO] [net.minecraft.server.MinecraftServer/]: Saving chunks for level 'ServerLevel[world]'/minecraft:the_end
[31Dec2024 01:27:43.278] [Server thread/INFO] [net.minecraft.server.MinecraftServer/]: Saving chunks for level 'ServerLevel[world]'/minecraft:the_nether
[31Dec2024 01:27:43.279] [Server thread/INFO] [net.minecraft.server.MinecraftServer/]: Saving chunks for level 'ServerLevel[world]'/lostcities:lostcity
[31Dec2024 01:27:43.351] [Server thread/INFO] [net.minecraft.server.MinecraftServer/]: ThreadedAnvilChunkStorage (world): All chunks are saved
[31Dec2024 01:27:43.351] [Server thread/INFO] [net.minecraft.server.MinecraftServer/]: ThreadedAnvilChunkStorage (DIM1): All chunks are saved
[31Dec2024 01:27:43.352] [Server thread/INFO] [net.minecraft.server.MinecraftServer/]: ThreadedAnvilChunkStorage (DIM-1): All chunks are saved
[31Dec2024 01:27:43.352] [Server thread/INFO] [net.minecraft.server.MinecraftServer/]: ThreadedAnvilChunkStorage (lostcity): All chunks are saved
[31Dec2024 01:27:43.352] [Server thread/INFO] [net.minecraft.server.MinecraftServer/]: ThreadedAnvilChunkStorage: All dimensions are saved
[31Dec2024 01:27:43.375] [Server thread/INFO] [xaero.pac.OpenPartiesAndClaims/]: Stopping IO worker...
[31Dec2024 01:27:43.376] [Server thread/INFO] [xaero.pac.OpenPartiesAndClaims/]: Stopped IO worker!
